<?xml version="1.0" encoding="UTF-8"?>
<testng-results skipped="2" failed="0" ignored="0" total="3" passed="1">
  <reporter-output>
  </reporter-output>
  <suite name="Suite" duration-ms="50158" started-at="2018-05-21T19:32:55Z" finished-at="2018-05-21T19:33:45Z">
    <groups>
    </groups>
    <test name="simpleTest" duration-ms="50158" started-at="2018-05-21T19:32:55Z" finished-at="2018-05-21T19:33:45Z">
      <class name="com.ajit.testScripts.registration.RegistrationTest">
        <test-method status="PASS" signature="launchBrowser()[pri:0, instance:com.ajit.testScripts.registration.RegistrationTest@42dafa95]" name="launchBrowser" is-config="true" duration-ms="10747" started-at="2018-05-21T15:32:55Z" finished-at="2018-05-21T15:33:05Z">
          <reporter-output>
          </reporter-output>
        </test-method> <!-- launchBrowser -->
        <test-method status="PASS" signature="beforeClass()[pri:0, instance:com.ajit.testScripts.registration.RegistrationTest@42dafa95]" name="beforeClass" is-config="true" duration-ms="24997" started-at="2018-05-21T15:33:05Z" finished-at="2018-05-21T15:33:30Z">
          <reporter-output>
          </reporter-output>
        </test-method> <!-- beforeClass -->
        <test-method status="PASS" signature="registrationTest(java.lang.String, java.lang.String, java.lang.String, java.lang.String, java.lang.String, java.lang.String, java.lang.String, java.lang.String, java.lang.String, java.lang.String, java.lang.String, java.lang.String)[pri:0, instance:com.ajit.testScripts.registration.RegistrationTest@42dafa95]" name="registrationTest" duration-ms="13570" started-at="2018-05-21T15:33:31Z" data-provider="testData" finished-at="2018-05-21T15:33:45Z">
          <params>
            <param index="0">
              <value>
                <![CDATA[RIME]]>
              </value>
            </param>
            <param index="1">
              <value>
                <![CDATA[DAS]]>
              </value>
            </param>
            <param index="2">
              <value>
                <![CDATA[rimedasji2015@gmail.com]]>
              </value>
            </param>
            <param index="3">
              <value>
                <![CDATA[rimedasji2015@gmail.com]]>
              </value>
            </param>
            <param index="4">
              <value>
                <![CDATA[Rime0304love]]>
              </value>
            </param>
            <param index="5">
              <value>
                <![CDATA[Rime0304love]]>
              </value>
            </param>
            <param index="6">
              <value>
                <![CDATA[United States]]>
              </value>
            </param>
            <param index="7">
              <value>
                <![CDATA[1491 Metropolitan Ave]]>
              </value>
            </param>
            <param index="8">
              <value>
                <![CDATA[Bronx]]>
              </value>
            </param>
            <param index="9">
              <value>
                <![CDATA[New York]]>
              </value>
            </param>
            <param index="10">
              <value>
                <![CDATA[10462]]>
              </value>
            </param>
            <param index="11">
              <value>
                <![CDATA[Y]]>
              </value>
            </param>
          </params>
          <reporter-output>
          </reporter-output>
        </test-method> <!-- registrationTest -->
        <test-method status="SKIP" signature="registrationTest(java.lang.String, java.lang.String, java.lang.String, java.lang.String, java.lang.String, java.lang.String, java.lang.String, java.lang.String, java.lang.String, java.lang.String, java.lang.String, java.lang.String)[pri:0, instance:com.ajit.testScripts.registration.RegistrationTest@42dafa95]" name="registrationTest" duration-ms="2" started-at="2018-05-21T15:33:45Z" data-provider="testData" finished-at="2018-05-21T15:33:45Z">
          <params>
            <param index="0">
              <value>
                <![CDATA[OVIJIT]]>
              </value>
            </param>
            <param index="1">
              <value>
                <![CDATA[DAS]]>
              </value>
            </param>
            <param index="2">
              <value>
                <![CDATA[ramsham@gmail.com]]>
              </value>
            </param>
            <param index="3">
              <value>
                <![CDATA[ramsham@gmail.com]]>
              </value>
            </param>
            <param index="4">
              <value>
                <![CDATA[Ram_Dham4420]]>
              </value>
            </param>
            <param index="5">
              <value>
                <![CDATA[Ram_Dham4420]]>
              </value>
            </param>
            <param index="6">
              <value>
                <![CDATA[United States]]>
              </value>
            </param>
            <param index="7">
              <value>
                <![CDATA[1491 West Ave]]>
              </value>
            </param>
            <param index="8">
              <value>
                <![CDATA[Bronx]]>
              </value>
            </param>
            <param index="9">
              <value>
                <![CDATA[New York]]>
              </value>
            </param>
            <param index="10">
              <value>
                <![CDATA[10462]]>
              </value>
            </param>
            <param index="11">
              <value>
                <![CDATA[N]]>
              </value>
            </param>
          </params>
          <exception class="org.testng.SkipException">
            <message>
              <![CDATA[Run mode for this set of data is marked N]]>
            </message>
            <full-stacktrace>
              <![CDATA[org.testng.SkipException: Run mode for this set of data is marked Nat com.ajit.testScripts.registration.RegistrationTest.registrationTest(RegistrationTest.java:37)at sun.reflect.NativeMethodAccessorImpl.invoke0(Native Method)at sun.reflect.NativeMethodAccessorImpl.invoke(Unknown Source)at sun.reflect.DelegatingMethodAccessorImpl.invoke(Unknown Source)at java.lang.reflect.Method.invoke(Unknown Source)at org.testng.internal.MethodInvocationHelper.invokeMethod(MethodInvocationHelper.java:124)at org.testng.internal.Invoker.invokeMethod(Invoker.java:571)at org.testng.internal.Invoker.invokeTestMethod(Invoker.java:707)at org.testng.internal.Invoker.invokeTestMethods(Invoker.java:979)at org.testng.internal.TestMethodWorker.invokeTestMethods(TestMethodWorker.java:125)at org.testng.internal.TestMethodWorker.run(TestMethodWorker.java:109)at org.testng.TestRunner.privateRun(TestRunner.java:648)at org.testng.TestRunner.run(TestRunner.java:505)at org.testng.SuiteRunner.runTest(SuiteRunner.java:455)at org.testng.SuiteRunner.runSequentially(SuiteRunner.java:450)at org.testng.SuiteRunner.privateRun(SuiteRunner.java:415)at org.testng.SuiteRunner.run(SuiteRunner.java:364)at org.testng.SuiteRunnerWorker.runSuite(SuiteRunnerWorker.java:52)at org.testng.SuiteRunnerWorker.run(SuiteRunnerWorker.java:84)at org.testng.TestNG.runSuitesSequentially(TestNG.java:1187)at org.testng.TestNG.runSuitesLocally(TestNG.java:1116)at org.testng.TestNG.runSuites(TestNG.java:1028)at org.testng.TestNG.run(TestNG.java:996)at org.testng.remote.AbstractRemoteTestNG.run(AbstractRemoteTestNG.java:114)at org.testng.remote.RemoteTestNG.initAndRun(RemoteTestNG.java:251)at org.testng.remote.RemoteTestNG.main(RemoteTestNG.java:77)]]>
            </full-stacktrace>
          </exception> <!-- org.testng.SkipException -->
          <reporter-output>
          </reporter-output>
        </test-method> <!-- registrationTest -->
        <test-method status="SKIP" signature="registrationTest(java.lang.String, java.lang.String, java.lang.String, java.lang.String, java.lang.String, java.lang.String, java.lang.String, java.lang.String, java.lang.String, java.lang.String, java.lang.String, java.lang.String)[pri:0, instance:com.ajit.testScripts.registration.RegistrationTest@42dafa95]" name="registrationTest" duration-ms="1" started-at="2018-05-21T15:33:45Z" data-provider="testData" finished-at="2018-05-21T15:33:45Z">
          <params>
            <param index="0">
              <value>
                <![CDATA[biswajit]]>
              </value>
            </param>
            <param index="1">
              <value>
                <![CDATA[das]]>
              </value>
            </param>
            <param index="2">
              <value>
                <![CDATA[biswajit@yehoo.com]]>
              </value>
            </param>
            <param index="3">
              <value>
                <![CDATA[biswajit@yehoo.com]]>
              </value>
            </param>
            <param index="4">
              <value>
                <![CDATA[Kumar234]]>
              </value>
            </param>
            <param index="5">
              <value>
                <![CDATA[Kumar234]]>
              </value>
            </param>
            <param index="6">
              <value>
                <![CDATA[United States]]>
              </value>
            </param>
            <param index="7">
              <value>
                <![CDATA[1491 West Ave]]>
              </value>
            </param>
            <param index="8">
              <value>
                <![CDATA[Bronx]]>
              </value>
            </param>
            <param index="9">
              <value>
                <![CDATA[New York]]>
              </value>
            </param>
            <param index="10">
              <value>
                <![CDATA[10462]]>
              </value>
            </param>
            <param index="11">
              <value>
                <![CDATA[N]]>
              </value>
            </param>
          </params>
          <exception class="org.testng.SkipException">
            <message>
              <![CDATA[Run mode for this set of data is marked N]]>
            </message>
            <full-stacktrace>
              <![CDATA[org.testng.SkipException: Run mode for this set of data is marked Nat com.ajit.testScripts.registration.RegistrationTest.registrationTest(RegistrationTest.java:37)at sun.reflect.NativeMethodAccessorImpl.invoke0(Native Method)at sun.reflect.NativeMethodAccessorImpl.invoke(Unknown Source)at sun.reflect.DelegatingMethodAccessorImpl.invoke(Unknown Source)at java.lang.reflect.Method.invoke(Unknown Source)at org.testng.internal.MethodInvocationHelper.invokeMethod(MethodInvocationHelper.java:124)at org.testng.internal.Invoker.invokeMethod(Invoker.java:571)at org.testng.internal.Invoker.invokeTestMethod(Invoker.java:707)at org.testng.internal.Invoker.invokeTestMethods(Invoker.java:979)at org.testng.internal.TestMethodWorker.invokeTestMethods(TestMethodWorker.java:125)at org.testng.internal.TestMethodWorker.run(TestMethodWorker.java:109)at org.testng.TestRunner.privateRun(TestRunner.java:648)at org.testng.TestRunner.run(TestRunner.java:505)at org.testng.SuiteRunner.runTest(SuiteRunner.java:455)at org.testng.SuiteRunner.runSequentially(SuiteRunner.java:450)at org.testng.SuiteRunner.privateRun(SuiteRunner.java:415)at org.testng.SuiteRunner.run(SuiteRunner.java:364)at org.testng.SuiteRunnerWorker.runSuite(SuiteRunnerWorker.java:52)at org.testng.SuiteRunnerWorker.run(SuiteRunnerWorker.java:84)at org.testng.TestNG.runSuitesSequentially(TestNG.java:1187)at org.testng.TestNG.runSuitesLocally(TestNG.java:1116)at org.testng.TestNG.runSuites(TestNG.java:1028)at org.testng.TestNG.run(TestNG.java:996)at org.testng.remote.AbstractRemoteTestNG.run(AbstractRemoteTestNG.java:114)at org.testng.remote.RemoteTestNG.initAndRun(RemoteTestNG.java:251)at org.testng.remote.RemoteTestNG.main(RemoteTestNG.java:77)]]>
            </full-stacktrace>
          </exception> <!-- org.testng.SkipException -->
          <reporter-output>
          </reporter-output>
        </test-method> <!-- registrationTest -->
      </class> <!-- com.ajit.testScripts.registration.RegistrationTest -->
    </test> <!-- simpleTest -->
  </suite> <!-- Suite -->
</testng-results>
